{"D:\\Perennial Assignments\\vue-pr\\vue-assignment-pr\\src\\components\\HelloWorld.vue": {"path":"D:\\Perennial Assignments\\vue-pr\\vue-assignment-pr\\src\\components\\HelloWorld.vue","statementMap":{"0":{"start":{"line":14,"column":0},"end":{"line":14,"column":null}},"1":{"start":{"line":17,"column":0},"end":{"line":17,"column":null}},"2":{"start":{"line":18,"column":0},"end":{"line":18,"column":null}}},"fnMap":{},"branchMap":{},"s":{"0":1,"1":2,"2":1},"f":{},"b":{}}
,"D:\\Perennial Assignments\\vue-pr\\vue-assignment-pr\\src\\components\\Navbar.vue": {"path":"D:\\Perennial Assignments\\vue-pr\\vue-assignment-pr\\src\\components\\Navbar.vue","statementMap":{"0":{"start":{"line":14,"column":0},"end":{"line":14,"column":null}},"1":{"start":{"line":17,"column":0},"end":{"line":17,"column":null}},"2":{"start":{"line":18,"column":0},"end":{"line":18,"column":null}}},"fnMap":{},"branchMap":{},"s":{"0":2,"1":4,"2":2},"f":{},"b":{}}
,"D:\\Perennial Assignments\\vue-pr\\vue-assignment-pr\\src\\components\\Summary.vue": {"path":"D:\\Perennial Assignments\\vue-pr\\vue-assignment-pr\\src\\components\\Summary.vue","statementMap":{"0":{"start":{"line":18,"column":0},"end":{"line":18,"column":null}},"1":{"start":{"line":21,"column":0},"end":{"line":21,"column":null}}},"fnMap":{},"branchMap":{},"s":{"0":2,"1":4},"f":{},"b":{}}
,"D:\\Perennial Assignments\\vue-pr\\vue-assignment-pr\\src\\utility\\validateEmail.ts": {"path":"D:\\Perennial Assignments\\vue-pr\\vue-assignment-pr\\src\\utility\\validateEmail.ts","statementMap":{"0":{"start":{"line":1,"column":26},"end":{"line":5,"column":null}},"1":{"start":{"line":3,"column":4},"end":{"line":3,"column":null}},"2":{"start":{"line":4,"column":2},"end":{"line":4,"column":9}},"3":{"start":{"line":7,"column":27},"end":{"line":21,"column":null}},"4":{"start":{"line":12,"column":2},"end":{"line":16,"column":null}},"5":{"start":{"line":13,"column":4},"end":{"line":13,"column":10}},"6":{"start":{"line":14,"column":9},"end":{"line":16,"column":null}},"7":{"start":{"line":15,"column":4},"end":{"line":15,"column":10}},"8":{"start":{"line":17,"column":2},"end":{"line":19,"column":null}},"9":{"start":{"line":18,"column":4},"end":{"line":18,"column":10}},"10":{"start":{"line":20,"column":2},"end":{"line":20,"column":9}},"11":{"start":{"line":23,"column":38},"end":{"line":42,"column":null}},"12":{"start":{"line":30,"column":2},"end":{"line":32,"column":null}},"13":{"start":{"line":31,"column":4},"end":{"line":31,"column":10}},"14":{"start":{"line":33,"column":2},"end":{"line":37,"column":null}},"15":{"start":{"line":34,"column":4},"end":{"line":34,"column":10}},"16":{"start":{"line":35,"column":9},"end":{"line":37,"column":null}},"17":{"start":{"line":36,"column":4},"end":{"line":36,"column":10}},"18":{"start":{"line":38,"column":2},"end":{"line":40,"column":null}},"19":{"start":{"line":39,"column":4},"end":{"line":39,"column":10}},"20":{"start":{"line":41,"column":2},"end":{"line":41,"column":9}},"21":{"start":{"line":44,"column":29},"end":{"line":59,"column":null}},"22":{"start":{"line":50,"column":2},"end":{"line":54,"column":null}},"23":{"start":{"line":51,"column":4},"end":{"line":51,"column":10}},"24":{"start":{"line":52,"column":9},"end":{"line":54,"column":null}},"25":{"start":{"line":53,"column":4},"end":{"line":53,"column":10}},"26":{"start":{"line":55,"column":2},"end":{"line":57,"column":null}},"27":{"start":{"line":56,"column":4},"end":{"line":56,"column":10}},"28":{"start":{"line":58,"column":2},"end":{"line":58,"column":9}}},"fnMap":{"0":{"name":"(anonymous_0)","decl":{"start":{"line":1,"column":26},"end":{"line":1,"column":36}},"loc":{"start":{"line":1,"column":49},"end":{"line":5,"column":null}}},"1":{"name":"(anonymous_1)","decl":{"start":{"line":7,"column":27},"end":{"line":7,"column":null}},"loc":{"start":{"line":10,"column":18},"end":{"line":21,"column":null}}},"2":{"name":"(anonymous_2)","decl":{"start":{"line":23,"column":38},"end":{"line":23,"column":null}},"loc":{"start":{"line":28,"column":25},"end":{"line":42,"column":null}}},"3":{"name":"(anonymous_3)","decl":{"start":{"line":44,"column":29},"end":{"line":44,"column":null}},"loc":{"start":{"line":48,"column":14},"end":{"line":59,"column":null}}}},"branchMap":{"0":{"loc":{"start":{"line":12,"column":2},"end":{"line":16,"column":null}},"type":"if","locations":[{"start":{"line":12,"column":2},"end":{"line":16,"column":null}},{"start":{"line":12,"column":2},"end":{"line":16,"column":null}}]},"1":{"loc":{"start":{"line":14,"column":9},"end":{"line":16,"column":null}},"type":"if","locations":[{"start":{"line":14,"column":9},"end":{"line":16,"column":null}},{"start":{"line":14,"column":9},"end":{"line":16,"column":null}}]},"2":{"loc":{"start":{"line":17,"column":2},"end":{"line":19,"column":null}},"type":"if","locations":[{"start":{"line":17,"column":2},"end":{"line":19,"column":null}},{"start":{"line":17,"column":2},"end":{"line":19,"column":null}}]},"3":{"loc":{"start":{"line":30,"column":2},"end":{"line":32,"column":null}},"type":"if","locations":[{"start":{"line":30,"column":2},"end":{"line":32,"column":null}},{"start":{"line":30,"column":2},"end":{"line":32,"column":null}}]},"4":{"loc":{"start":{"line":33,"column":2},"end":{"line":37,"column":null}},"type":"if","locations":[{"start":{"line":33,"column":2},"end":{"line":37,"column":null}},{"start":{"line":33,"column":2},"end":{"line":37,"column":null}}]},"5":{"loc":{"start":{"line":35,"column":9},"end":{"line":37,"column":null}},"type":"if","locations":[{"start":{"line":35,"column":9},"end":{"line":37,"column":null}},{"start":{"line":35,"column":9},"end":{"line":37,"column":null}}]},"6":{"loc":{"start":{"line":38,"column":2},"end":{"line":40,"column":null}},"type":"if","locations":[{"start":{"line":38,"column":2},"end":{"line":40,"column":null}},{"start":{"line":38,"column":2},"end":{"line":40,"column":null}}]},"7":{"loc":{"start":{"line":50,"column":2},"end":{"line":54,"column":null}},"type":"if","locations":[{"start":{"line":50,"column":2},"end":{"line":54,"column":null}},{"start":{"line":50,"column":2},"end":{"line":54,"column":null}}]},"8":{"loc":{"start":{"line":52,"column":9},"end":{"line":54,"column":null}},"type":"if","locations":[{"start":{"line":52,"column":9},"end":{"line":54,"column":null}},{"start":{"line":52,"column":9},"end":{"line":54,"column":null}}]},"9":{"loc":{"start":{"line":55,"column":2},"end":{"line":57,"column":null}},"type":"if","locations":[{"start":{"line":55,"column":2},"end":{"line":57,"column":null}},{"start":{"line":55,"column":2},"end":{"line":57,"column":null}}]}},"s":{"0":4,"1":11,"2":11,"3":4,"4":5,"5":2,"6":3,"7":1,"8":5,"9":2,"10":5,"11":4,"12":5,"13":1,"14":5,"15":1,"16":4,"17":1,"18":5,"19":1,"20":5,"21":4,"22":4,"23":2,"24":2,"25":1,"26":4,"27":2,"28":4},"f":{"0":11,"1":5,"2":5,"3":4},"b":{"0":[2,3],"1":[1,2],"2":[2,3],"3":[1,4],"4":[1,4],"5":[1,3],"6":[1,4],"7":[2,2],"8":[1,1],"9":[2,2]}}
,"D:\\Perennial Assignments\\vue-pr\\vue-assignment-pr\\src\\views\\Home.vue": {"path":"D:\\Perennial Assignments\\vue-pr\\vue-assignment-pr\\src\\views\\Home.vue","statementMap":{"0":{"start":{"line":62,"column":0},"end":{"line":62,"column":null}},"1":{"start":{"line":63,"column":0},"end":{"line":63,"column":null}},"2":{"start":{"line":64,"column":0},"end":{"line":64,"column":null}},"3":{"start":{"line":66,"column":0},"end":{"line":66,"column":null}},"4":{"start":{"line":68,"column":0},"end":{"line":68,"column":null}},"5":{"start":{"line":67,"column":0},"end":{"line":67,"column":null}},"6":{"start":{"line":76,"column":0},"end":{"line":76,"column":null}},"7":{"start":{"line":77,"column":0},"end":{"line":77,"column":null}},"8":{"start":{"line":78,"column":0},"end":{"line":78,"column":null}},"9":{"start":{"line":82,"column":0},"end":{"line":82,"column":null}},"10":{"start":{"line":92,"column":0},"end":{"line":92,"column":null}},"11":{"start":{"line":95,"column":0},"end":{"line":95,"column":null}},"12":{"start":{"line":99,"column":0},"end":{"line":99,"column":null}},"13":{"start":{"line":103,"column":0},"end":{"line":103,"column":null}},"14":{"start":{"line":108,"column":0},"end":{"line":108,"column":null}},"15":{"start":{"line":109,"column":0},"end":{"line":109,"column":null}},"16":{"start":{"line":111,"column":0},"end":{"line":114,"column":null}},"17":{"start":{"line":112,"column":0},"end":{"line":112,"column":null}},"18":{"start":{"line":113,"column":0},"end":{"line":113,"column":null}},"19":{"start":{"line":85,"column":0},"end":{"line":85,"column":null}},"20":{"start":{"line":88,"column":0},"end":{"line":88,"column":null}},"21":{"start":{"line":76,"column":0},"end":{"line":70,"column":null}}},"fnMap":{"0":{"name":"(anonymous_1)","decl":{"start":{"line":76,"column":0},"end":{"line":76,"column":null}},"loc":{"start":{"line":76,"column":0},"end":{"line":116,"column":null}}},"1":{"name":"(anonymous_2)","decl":{"start":{"line":91,"column":0},"end":{"line":91,"column":null}},"loc":{"start":{"line":91,"column":0},"end":{"line":93,"column":null}}},"2":{"name":"(anonymous_3)","decl":{"start":{"line":94,"column":0},"end":{"line":94,"column":null}},"loc":{"start":{"line":94,"column":0},"end":{"line":96,"column":null}}},"3":{"name":"(anonymous_4)","decl":{"start":{"line":98,"column":0},"end":{"line":98,"column":null}},"loc":{"start":{"line":98,"column":0},"end":{"line":100,"column":null}}},"4":{"name":"(anonymous_5)","decl":{"start":{"line":102,"column":0},"end":{"line":102,"column":null}},"loc":{"start":{"line":102,"column":0},"end":{"line":115,"column":null}}}},"branchMap":{"0":{"loc":{"start":{"line":111,"column":0},"end":{"line":114,"column":null}},"type":"if","locations":[{"start":{"line":111,"column":0},"end":{"line":114,"column":null}},{"start":{"line":111,"column":0},"end":{"line":114,"column":null}}]}},"s":{"0":1,"1":1,"2":1,"3":1,"4":1,"5":1,"6":1,"7":4,"8":4,"9":4,"10":0,"11":1,"12":1,"13":0,"14":0,"15":0,"16":0,"17":0,"18":0,"19":1,"20":1,"21":1},"f":{"0":4,"1":0,"2":1,"3":1,"4":0},"b":{"0":[0,0]}}
,"D:\\Perennial Assignments\\vue-pr\\vue-assignment-pr\\src\\views\\Login.vue": {"path":"D:\\Perennial Assignments\\vue-pr\\vue-assignment-pr\\src\\views\\Login.vue","statementMap":{"0":{"start":{"line":43,"column":0},"end":{"line":43,"column":null}},"1":{"start":{"line":44,"column":0},"end":{"line":44,"column":null}},"2":{"start":{"line":46,"column":0},"end":{"line":46,"column":null}},"3":{"start":{"line":47,"column":0},"end":{"line":47,"column":null}},"4":{"start":{"line":48,"column":0},"end":{"line":48,"column":null}},"5":{"start":{"line":55,"column":0},"end":{"line":55,"column":null}},"6":{"start":{"line":56,"column":0},"end":{"line":56,"column":null}},"7":{"start":{"line":60,"column":0},"end":{"line":60,"column":null}},"8":{"start":{"line":66,"column":0},"end":{"line":66,"column":null}},"9":{"start":{"line":67,"column":0},"end":{"line":67,"column":null}},"10":{"start":{"line":68,"column":0},"end":{"line":68,"column":null}},"11":{"start":{"line":70,"column":0},"end":{"line":73,"column":null}},"12":{"start":{"line":71,"column":0},"end":{"line":71,"column":null}},"13":{"start":{"line":72,"column":0},"end":{"line":72,"column":null}},"14":{"start":{"line":63,"column":0},"end":{"line":63,"column":null}},"15":{"start":{"line":55,"column":0},"end":{"line":50,"column":null}}},"fnMap":{"0":{"name":"(anonymous_1)","decl":{"start":{"line":55,"column":0},"end":{"line":55,"column":null}},"loc":{"start":{"line":55,"column":0},"end":{"line":75,"column":null}}},"1":{"name":"(anonymous_2)","decl":{"start":{"line":65,"column":0},"end":{"line":65,"column":null}},"loc":{"start":{"line":65,"column":0},"end":{"line":74,"column":null}}}},"branchMap":{"0":{"loc":{"start":{"line":70,"column":0},"end":{"line":73,"column":null}},"type":"if","locations":[{"start":{"line":70,"column":0},"end":{"line":73,"column":null}},{"start":{"line":70,"column":0},"end":{"line":73,"column":null}}]}},"s":{"0":1,"1":1,"2":1,"3":1,"4":1,"5":1,"6":1,"7":1,"8":1,"9":1,"10":1,"11":1,"12":1,"13":0,"14":1,"15":1},"f":{"0":1,"1":1},"b":{"0":[1,0]}}
,"D:\\Perennial Assignments\\vue-pr\\vue-assignment-pr\\src\\views\\NotFound.vue": {"path":"D:\\Perennial Assignments\\vue-pr\\vue-assignment-pr\\src\\views\\NotFound.vue","statementMap":{"0":{"start":{"line":8,"column":0},"end":{"line":8,"column":null}},"1":{"start":{"line":13,"column":0},"end":{"line":13,"column":null}},"2":{"start":{"line":13,"column":0},"end":{"line":10,"column":null}}},"fnMap":{},"branchMap":{},"s":{"0":1,"1":1,"2":1},"f":{},"b":{}}
,"D:\\Perennial Assignments\\vue-pr\\vue-assignment-pr\\src\\views\\Register.vue": {"path":"D:\\Perennial Assignments\\vue-pr\\vue-assignment-pr\\src\\views\\Register.vue","statementMap":{"0":{"start":{"line":73,"column":0},"end":{"line":73,"column":null}},"1":{"start":{"line":75,"column":0},"end":{"line":75,"column":null}},"2":{"start":{"line":77,"column":0},"end":{"line":77,"column":null}},"3":{"start":{"line":76,"column":0},"end":{"line":76,"column":null}},"4":{"start":{"line":82,"column":0},"end":{"line":82,"column":null}},"5":{"start":{"line":83,"column":0},"end":{"line":83,"column":null}},"6":{"start":{"line":90,"column":0},"end":{"line":90,"column":null}},"7":{"start":{"line":96,"column":0},"end":{"line":96,"column":null}},"8":{"start":{"line":97,"column":0},"end":{"line":97,"column":null}},"9":{"start":{"line":98,"column":0},"end":{"line":98,"column":null}},"10":{"start":{"line":106,"column":0},"end":{"line":109,"column":null}},"11":{"start":{"line":107,"column":0},"end":{"line":107,"column":null}},"12":{"start":{"line":108,"column":0},"end":{"line":108,"column":null}},"13":{"start":{"line":93,"column":0},"end":{"line":93,"column":null}},"14":{"start":{"line":82,"column":0},"end":{"line":79,"column":null}}},"fnMap":{"0":{"name":"(anonymous_1)","decl":{"start":{"line":82,"column":0},"end":{"line":82,"column":null}},"loc":{"start":{"line":82,"column":0},"end":{"line":111,"column":null}}},"1":{"name":"(anonymous_2)","decl":{"start":{"line":95,"column":0},"end":{"line":95,"column":null}},"loc":{"start":{"line":95,"column":0},"end":{"line":110,"column":null}}}},"branchMap":{"0":{"loc":{"start":{"line":106,"column":0},"end":{"line":109,"column":null}},"type":"if","locations":[{"start":{"line":106,"column":0},"end":{"line":109,"column":null}},{"start":{"line":106,"column":0},"end":{"line":109,"column":null}}]}},"s":{"0":1,"1":1,"2":1,"3":1,"4":1,"5":10,"6":10,"7":1,"8":1,"9":1,"10":1,"11":1,"12":0,"13":1,"14":1},"f":{"0":10,"1":1},"b":{"0":[1,0]}}
}
