TN:
SF:D:\Perennial Assignments\vue-pr\vue-assignment-pr\src\components\HelloWorld.vue
FNF:0
FNH:0
DA:14,1
DA:17,2
DA:18,1
LF:3
LH:3
BRF:0
BRH:0
end_of_record
TN:
SF:D:\Perennial Assignments\vue-pr\vue-assignment-pr\src\components\Navbar.vue
FNF:0
FNH:0
DA:14,1
DA:17,2
DA:18,1
LF:3
LH:3
BRF:0
BRH:0
end_of_record
TN:
SF:D:\Perennial Assignments\vue-pr\vue-assignment-pr\src\components\Summary.vue
FNF:0
FNH:0
DA:18,1
DA:21,2
LF:2
LH:2
BRF:0
BRH:0
end_of_record
TN:
SF:D:\Perennial Assignments\vue-pr\vue-assignment-pr\src\utility\validateEmail.ts
FN:1,(anonymous_0)
FN:7,(anonymous_1)
FN:23,(anonymous_2)
FN:44,(anonymous_3)
FNF:4
FNH:4
FNDA:15,(anonymous_0)
FNDA:9,(anonymous_1)
FNDA:9,(anonymous_2)
FNDA:4,(anonymous_3)
DA:1,3
DA:3,15
DA:4,15
DA:7,3
DA:12,9
DA:13,4
DA:14,5
DA:15,1
DA:17,9
DA:18,2
DA:20,9
DA:23,3
DA:30,9
DA:31,3
DA:33,9
DA:34,3
DA:35,6
DA:36,1
DA:38,9
DA:39,1
DA:41,9
DA:44,3
DA:50,4
DA:51,2
DA:52,2
DA:53,1
DA:55,4
DA:56,2
DA:58,4
LF:29
LH:29
BRDA:12,0,0,4
BRDA:12,0,1,5
BRDA:14,1,0,1
BRDA:14,1,1,4
BRDA:17,2,0,2
BRDA:17,2,1,7
BRDA:30,3,0,3
BRDA:30,3,1,6
BRDA:33,4,0,3
BRDA:33,4,1,6
BRDA:35,5,0,1
BRDA:35,5,1,5
BRDA:38,6,0,1
BRDA:38,6,1,8
BRDA:50,7,0,2
BRDA:50,7,1,2
BRDA:52,8,0,1
BRDA:52,8,1,1
BRDA:55,9,0,2
BRDA:55,9,1,2
BRF:20
BRH:20
end_of_record
TN:
SF:D:\Perennial Assignments\vue-pr\vue-assignment-pr\src\views\Login.vue
FN:55,(anonymous_1)
FN:65,(anonymous_2)
FNF:2
FNH:2
FNDA:1,(anonymous_1)
FNDA:3,(anonymous_2)
DA:43,1
DA:44,1
DA:46,1
DA:47,1
DA:48,1
DA:55,1
DA:56,1
DA:60,1
DA:63,1
DA:66,3
DA:68,3
DA:70,3
DA:71,2
DA:72,2
DA:73,0
LF:15
LH:14
BRDA:70,0,0,2
BRDA:70,0,1,1
BRF:2
BRH:2
end_of_record
TN:
SF:D:\Perennial Assignments\vue-pr\vue-assignment-pr\src\views\NotFound.vue
FNF:0
FNH:0
DA:8,1
DA:13,1
LF:2
LH:2
BRF:0
BRH:0
end_of_record
TN:
SF:D:\Perennial Assignments\vue-pr\vue-assignment-pr\src\views\Register.vue
FN:82,(anonymous_1)
FN:95,(anonymous_2)
FNF:2
FNH:2
FNDA:14,(anonymous_1)
FNDA:3,(anonymous_2)
DA:73,1
DA:75,1
DA:76,1
DA:77,1
DA:82,1
DA:83,14
DA:90,14
DA:93,1
DA:96,3
DA:97,3
DA:98,3
DA:106,3
DA:107,2
DA:108,0
LF:14
LH:13
BRDA:106,0,0,2
BRDA:106,0,1,1
BRF:2
BRH:2
end_of_record
