TN:
SF:D:\Perennial Assignments\vue-pr\vue-assignment-pr\src\components\HelloWorld.vue
FNF:0
FNH:0
DA:14,1
DA:17,2
DA:18,1
LF:3
LH:3
BRF:0
BRH:0
end_of_record
TN:
SF:D:\Perennial Assignments\vue-pr\vue-assignment-pr\src\components\Navbar.vue
FNF:0
FNH:0
DA:14,2
DA:17,4
DA:18,2
LF:3
LH:3
BRF:0
BRH:0
end_of_record
TN:
SF:D:\Perennial Assignments\vue-pr\vue-assignment-pr\src\components\Summary.vue
FNF:0
FNH:0
DA:18,2
DA:21,4
LF:2
LH:2
BRF:0
BRH:0
end_of_record
TN:
SF:D:\Perennial Assignments\vue-pr\vue-assignment-pr\src\utility\validateEmail.ts
FN:1,(anonymous_0)
FN:7,(anonymous_1)
FN:23,(anonymous_2)
FN:44,(anonymous_3)
FNF:4
FNH:4
FNDA:11,(anonymous_0)
FNDA:5,(anonymous_1)
FNDA:5,(anonymous_2)
FNDA:4,(anonymous_3)
DA:1,4
DA:3,11
DA:4,11
DA:7,4
DA:12,5
DA:13,2
DA:14,3
DA:15,1
DA:17,5
DA:18,2
DA:20,5
DA:23,4
DA:30,5
DA:31,1
DA:33,5
DA:34,1
DA:35,4
DA:36,1
DA:38,5
DA:39,1
DA:41,5
DA:44,4
DA:50,4
DA:51,2
DA:52,2
DA:53,1
DA:55,4
DA:56,2
DA:58,4
LF:29
LH:29
BRDA:12,0,0,2
BRDA:12,0,1,3
BRDA:14,1,0,1
BRDA:14,1,1,2
BRDA:17,2,0,2
BRDA:17,2,1,3
BRDA:30,3,0,1
BRDA:30,3,1,4
BRDA:33,4,0,1
BRDA:33,4,1,4
BRDA:35,5,0,1
BRDA:35,5,1,3
BRDA:38,6,0,1
BRDA:38,6,1,4
BRDA:50,7,0,2
BRDA:50,7,1,2
BRDA:52,8,0,1
BRDA:52,8,1,1
BRDA:55,9,0,2
BRDA:55,9,1,2
BRF:20
BRH:20
end_of_record
TN:
SF:D:\Perennial Assignments\vue-pr\vue-assignment-pr\src\views\Home.vue
FN:76,(anonymous_1)
FN:91,(anonymous_2)
FN:94,(anonymous_3)
FN:98,(anonymous_4)
FN:102,(anonymous_5)
FNF:5
FNH:3
FNDA:5,(anonymous_1)
FNDA:0,(anonymous_2)
FNDA:1,(anonymous_3)
FNDA:1,(anonymous_4)
FNDA:0,(anonymous_5)
DA:62,1
DA:63,1
DA:64,1
DA:66,1
DA:67,1
DA:68,1
DA:76,1
DA:77,5
DA:78,5
DA:82,5
DA:85,1
DA:88,1
DA:92,0
DA:95,1
DA:99,1
DA:103,0
DA:108,0
DA:110,0
DA:111,0
DA:112,0
LF:20
LH:14
BRDA:110,0,0,0
BRDA:110,0,1,0
BRF:2
BRH:0
end_of_record
TN:
SF:D:\Perennial Assignments\vue-pr\vue-assignment-pr\src\views\Login.vue
FN:55,(anonymous_1)
FN:65,(anonymous_2)
FNF:2
FNH:2
FNDA:1,(anonymous_1)
FNDA:1,(anonymous_2)
DA:43,1
DA:44,1
DA:46,1
DA:47,1
DA:48,1
DA:55,1
DA:56,1
DA:60,1
DA:63,1
DA:66,1
DA:68,1
DA:70,1
DA:71,1
DA:72,1
DA:73,0
LF:15
LH:14
BRDA:70,0,0,1
BRDA:70,0,1,0
BRF:2
BRH:1
end_of_record
TN:
SF:D:\Perennial Assignments\vue-pr\vue-assignment-pr\src\views\NotFound.vue
FNF:0
FNH:0
DA:8,1
DA:13,1
LF:2
LH:2
BRF:0
BRH:0
end_of_record
TN:
SF:D:\Perennial Assignments\vue-pr\vue-assignment-pr\src\views\Register.vue
FN:82,(anonymous_1)
FN:95,(anonymous_2)
FNF:2
FNH:2
FNDA:10,(anonymous_1)
FNDA:1,(anonymous_2)
DA:73,1
DA:75,1
DA:76,1
DA:77,1
DA:82,1
DA:83,10
DA:90,10
DA:93,1
DA:96,1
DA:97,1
DA:98,1
DA:106,1
DA:107,1
DA:108,0
LF:14
LH:13
BRDA:106,0,0,1
BRDA:106,0,1,0
BRF:2
BRH:1
end_of_record
